[2025-12-26 05:17:49] Error [2]: Undefined array key "gambar" in /Applications/XAMPP/xamppfiles/htdocs/apps/website/tugas/sman_5_kota_komba/views/profil-sekolah/sejarah.php on line 68
[2025-12-26 05:17:57] Error [2]: Undefined array key "gambar" in /Applications/XAMPP/xamppfiles/htdocs/apps/website/tugas/sman_5_kota_komba/views/profil-sekolah/sejarah.php on line 68
[2025-12-30 12:00:33] Error [2]: Undefined variable $wakil in /Applications/XAMPP/xamppfiles/htdocs/apps/website/tugas/sman_5_kota_komba/views/profil-sekolah/struktur-organisasi.php on line 200
[2025-12-31 06:20:12] Error [2]: Undefined array key "pembina" in /Applications/XAMPP/xamppfiles/htdocs/apps/website/tugas/sman_5_kota_komba/views/kesiswaan/ekstrakurikuler.php on line 63
[2025-12-31 06:20:12] Error [2]: Undefined array key "deskripsi" in /Applications/XAMPP/xamppfiles/htdocs/apps/website/tugas/sman_5_kota_komba/views/kesiswaan/ekstrakurikuler.php on line 66
[2025-12-31 06:20:12] Error [2]: Undefined array key "foto" in /Applications/XAMPP/xamppfiles/htdocs/apps/website/tugas/sman_5_kota_komba/views/kesiswaan/ekstrakurikuler.php on line 70
[2025-12-31 13:40:03] Error [2]: Undefined variable $views_album in /Applications/XAMPP/xamppfiles/htdocs/apps/website/tugas/sman_5_kota_komba/views/galeri/kegiatan-sekolah.php on line 62
[2025-12-31 13:40:03] Error [2]: foreach() argument must be of type array|object, null given in /Applications/XAMPP/xamppfiles/htdocs/apps/website/tugas/sman_5_kota_komba/views/galeri/kegiatan-sekolah.php on line 62
[2025-12-31 13:40:07] Error [2]: Undefined variable $views_album in /Applications/XAMPP/xamppfiles/htdocs/apps/website/tugas/sman_5_kota_komba/views/galeri/kegiatan-sekolah.php on line 62
[2025-12-31 13:40:07] Error [2]: foreach() argument must be of type array|object, null given in /Applications/XAMPP/xamppfiles/htdocs/apps/website/tugas/sman_5_kota_komba/views/galeri/kegiatan-sekolah.php on line 62
[2025-12-31 13:40:08] Error [2]: Undefined variable $views_album in /Applications/XAMPP/xamppfiles/htdocs/apps/website/tugas/sman_5_kota_komba/views/galeri/kegiatan-sekolah.php on line 62
[2025-12-31 13:40:08] Error [2]: foreach() argument must be of type array|object, null given in /Applications/XAMPP/xamppfiles/htdocs/apps/website/tugas/sman_5_kota_komba/views/galeri/kegiatan-sekolah.php on line 62
[2026-01-05 12:26:09] Error [2]: Undefined variable $views_kategori_berita in /Applications/XAMPP/xamppfiles/htdocs/apps/website/tugas/sman_5_kota_komba/views/berita/rubrik.php on line 58
[2026-01-05 14:02:54] Error [2]: Undefined variable $query_kategori in /Applications/XAMPP/xamppfiles/htdocs/apps/website/tugas/sman_5_kota_komba/views/berita/add-list-berita.php on line 54
[2026-01-05 14:03:12] Error [2]: Undefined variable $query_kategori in /Applications/XAMPP/xamppfiles/htdocs/apps/website/tugas/sman_5_kota_komba/views/berita/add-list-berita.php on line 54
[2026-01-05 14:07:05] Error [2]: Undefined array key "nama_kategori" in /Applications/XAMPP/xamppfiles/htdocs/apps/website/tugas/sman_5_kota_komba/views/berita/list-berita.php on line 80
[2026-01-05 14:07:05] Error [2]: Undefined array key "name" in /Applications/XAMPP/xamppfiles/htdocs/apps/website/tugas/sman_5_kota_komba/views/berita/list-berita.php on line 86
[2026-01-05 14:07:10] Error [2]: Undefined array key "nama_kategori" in /Applications/XAMPP/xamppfiles/htdocs/apps/website/tugas/sman_5_kota_komba/views/berita/list-berita.php on line 80
[2026-01-05 14:07:10] Error [2]: Undefined array key "name" in /Applications/XAMPP/xamppfiles/htdocs/apps/website/tugas/sman_5_kota_komba/views/berita/list-berita.php on line 86
[2026-01-05 14:07:49] Error [2]: Undefined array key "nama_kategori" in /Applications/XAMPP/xamppfiles/htdocs/apps/website/tugas/sman_5_kota_komba/views/berita/list-berita.php on line 80
[2026-01-05 14:07:49] Error [2]: Undefined array key "name" in /Applications/XAMPP/xamppfiles/htdocs/apps/website/tugas/sman_5_kota_komba/views/berita/list-berita.php on line 86
[2026-01-05 14:16:46] Error [2]: Undefined variable $query_kategori in /Applications/XAMPP/xamppfiles/htdocs/apps/website/tugas/sman_5_kota_komba/views/berita/edit-list-berita.php on line 66
[2026-01-05 14:16:52] Error [2]: Undefined variable $query_kategori in /Applications/XAMPP/xamppfiles/htdocs/apps/website/tugas/sman_5_kota_komba/views/berita/edit-list-berita.php on line 66
[2026-01-06 01:49:20] Error [2]: Undefined variable $next_urutan in /Applications/XAMPP/xamppfiles/htdocs/apps/website/tugas/sman_5_kota_komba/views/informasi-ppdb/add-alur-pendaftaran.php on line 51
[2026-01-06 01:50:34] Error [2]: Undefined variable $next_urutan in /Applications/XAMPP/xamppfiles/htdocs/apps/website/tugas/sman_5_kota_komba/views/informasi-ppdb/add-alur-pendaftaran.php on line 51
[2026-01-06 01:50:36] Error [2]: Undefined variable $next_urutan in /Applications/XAMPP/xamppfiles/htdocs/apps/website/tugas/sman_5_kota_komba/views/informasi-ppdb/add-alur-pendaftaran.php on line 51
